[debug] [2022-08-20T00:15:54.412Z] ----------------------------------------------------------------------
[debug] [2022-08-20T00:15:54.413Z] Command:       /usr/local/bin/node /usr/local/bin/firebase init
[debug] [2022-08-20T00:15:54.414Z] CLI Version:   11.7.0
[debug] [2022-08-20T00:15:54.414Z] Platform:      linux
[debug] [2022-08-20T00:15:54.414Z] Node Version:  v16.17.0
[debug] [2022-08-20T00:15:54.414Z] Time:          Fri Aug 19 2022 19:15:54 GMT-0500 (Central Daylight Time)
[debug] [2022-08-20T00:15:54.414Z] ----------------------------------------------------------------------
[debug] 
[debug] [2022-08-20T00:15:54.418Z] > command requires scopes: ["email","openid","https://www.googleapis.com/auth/cloudplatformprojects.readonly","https://www.googleapis.com/auth/firebase","https://www.googleapis.com/auth/cloud-platform"]
[debug] [2022-08-20T00:15:54.418Z] > authorizing via signed-in user (johnofknoch@gmail.com)
[info] 
     ######## #### ########  ######## ########     ###     ######  ########
     ##        ##  ##     ## ##       ##     ##  ##   ##  ##       ##
     ######    ##  ########  ######   ########  #########  ######  ######
     ##        ##  ##    ##  ##       ##     ## ##     ##       ## ##
     ##       #### ##     ## ######## ########  ##     ##  ######  ########

You're about to initialize a Firebase project in this directory:

  /home/dextrodeath/projects/ar-demo-1

[info] 
=== Project Setup
[info] 
[info] First, let's associate this project directory with a Firebase project.
[info] You can create multiple project aliases by running firebase use --add, 
[info] but for now we'll just set up a default project.
[info] 
[info] i  If you want to create a project in a Google Cloud organization or folder, please use "firebase projects:create" instead, and return to this command when you've created the project. 
[debug] [2022-08-20T00:16:19.884Z] >>> [apiv2][query] POST https://cloudresourcemanager.googleapis.com/v1/projects [none]
[debug] [2022-08-20T00:16:19.884Z] >>> [apiv2][body] POST https://cloudresourcemanager.googleapis.com/v1/projects {"projectId":"ar-demo-1","name":"ar-demo-1"}
[debug] [2022-08-20T00:16:20.480Z] <<< [apiv2][status] POST https://cloudresourcemanager.googleapis.com/v1/projects 200
[debug] [2022-08-20T00:16:20.480Z] <<< [apiv2][body] POST https://cloudresourcemanager.googleapis.com/v1/projects {"name":"operations/cp.4715744215527474925"}
[debug] [2022-08-20T00:16:20.482Z] >>> [apiv2][query] GET https://cloudresourcemanager.googleapis.com/v1/operations/cp.4715744215527474925 [none]
[debug] [2022-08-20T00:16:20.922Z] <<< [apiv2][status] GET https://cloudresourcemanager.googleapis.com/v1/operations/cp.4715744215527474925 200
[debug] [2022-08-20T00:16:20.922Z] <<< [apiv2][body] GET https://cloudresourcemanager.googleapis.com/v1/operations/cp.4715744215527474925 {"name":"operations/cp.4715744215527474925"}
[debug] [2022-08-20T00:16:21.423Z] [Project Creation Poller] Retrying task index 0
[debug] [2022-08-20T00:16:21.423Z] >>> [apiv2][query] GET https://cloudresourcemanager.googleapis.com/v1/operations/cp.4715744215527474925 [none]
[debug] [2022-08-20T00:16:21.860Z] <<< [apiv2][status] GET https://cloudresourcemanager.googleapis.com/v1/operations/cp.4715744215527474925 200
[debug] [2022-08-20T00:16:21.860Z] <<< [apiv2][body] GET https://cloudresourcemanager.googleapis.com/v1/operations/cp.4715744215527474925 {"name":"operations/cp.4715744215527474925"}
[debug] [2022-08-20T00:16:22.861Z] [Project Creation Poller] Retrying task index 0
[debug] [2022-08-20T00:16:22.861Z] >>> [apiv2][query] GET https://cloudresourcemanager.googleapis.com/v1/operations/cp.4715744215527474925 [none]
[debug] [2022-08-20T00:16:23.327Z] <<< [apiv2][status] GET https://cloudresourcemanager.googleapis.com/v1/operations/cp.4715744215527474925 200
[debug] [2022-08-20T00:16:23.327Z] <<< [apiv2][body] GET https://cloudresourcemanager.googleapis.com/v1/operations/cp.4715744215527474925 {"name":"operations/cp.4715744215527474925","metadata":{"@type":"type.googleapis.com/google.cloudresourcemanager.v1.ProjectCreationStatus","gettable":true,"ready":true},"done":true,"response":{"@type":"type.googleapis.com/google.cloudresourcemanager.v1.Project","projectNumber":"507756574195","projectId":"ar-demo-1","lifecycleState":"ACTIVE","name":"ar-demo-1","createTime":"2022-08-20T00:16:20.359Z"}}
[debug] [2022-08-20T00:16:23.328Z] >>> [apiv2][query] POST https://firebase.googleapis.com/v1beta1/projects/ar-demo-1:addFirebase [none]
[debug] [2022-08-20T00:16:24.607Z] <<< [apiv2][status] POST https://firebase.googleapis.com/v1beta1/projects/ar-demo-1:addFirebase 200
[debug] [2022-08-20T00:16:24.607Z] <<< [apiv2][body] POST https://firebase.googleapis.com/v1beta1/projects/ar-demo-1:addFirebase {"name":"operations/workflows/YzZkYzdjNTEtYzZmOS00YzkyLWEyMDgtN2IwOTE3YmIxY2E4"}
[debug] [2022-08-20T00:16:24.607Z] >>> [apiv2][query] GET https://firebase.googleapis.com/v1beta1/operations/workflows/YzZkYzdjNTEtYzZmOS00YzkyLWEyMDgtN2IwOTE3YmIxY2E4 [none]
[debug] [2022-08-20T00:16:24.949Z] <<< [apiv2][status] GET https://firebase.googleapis.com/v1beta1/operations/workflows/YzZkYzdjNTEtYzZmOS00YzkyLWEyMDgtN2IwOTE3YmIxY2E4 200
[debug] [2022-08-20T00:16:24.949Z] <<< [apiv2][body] GET https://firebase.googleapis.com/v1beta1/operations/workflows/YzZkYzdjNTEtYzZmOS00YzkyLWEyMDgtN2IwOTE3YmIxY2E4 {"name":"operations/workflows/YzZkYzdjNTEtYzZmOS00YzkyLWEyMDgtN2IwOTE3YmIxY2E4"}
[debug] [2022-08-20T00:16:25.450Z] [Add Firebase Poller] Retrying task index 0
[debug] [2022-08-20T00:16:25.450Z] >>> [apiv2][query] GET https://firebase.googleapis.com/v1beta1/operations/workflows/YzZkYzdjNTEtYzZmOS00YzkyLWEyMDgtN2IwOTE3YmIxY2E4 [none]
[debug] [2022-08-20T00:16:25.648Z] <<< [apiv2][status] GET https://firebase.googleapis.com/v1beta1/operations/workflows/YzZkYzdjNTEtYzZmOS00YzkyLWEyMDgtN2IwOTE3YmIxY2E4 200
[debug] [2022-08-20T00:16:25.648Z] <<< [apiv2][body] GET https://firebase.googleapis.com/v1beta1/operations/workflows/YzZkYzdjNTEtYzZmOS00YzkyLWEyMDgtN2IwOTE3YmIxY2E4 {"name":"operations/workflows/YzZkYzdjNTEtYzZmOS00YzkyLWEyMDgtN2IwOTE3YmIxY2E4"}
[debug] [2022-08-20T00:16:26.648Z] [Add Firebase Poller] Retrying task index 0
[debug] [2022-08-20T00:16:26.649Z] >>> [apiv2][query] GET https://firebase.googleapis.com/v1beta1/operations/workflows/YzZkYzdjNTEtYzZmOS00YzkyLWEyMDgtN2IwOTE3YmIxY2E4 [none]
[debug] [2022-08-20T00:16:27.051Z] <<< [apiv2][status] GET https://firebase.googleapis.com/v1beta1/operations/workflows/YzZkYzdjNTEtYzZmOS00YzkyLWEyMDgtN2IwOTE3YmIxY2E4 200
[debug] [2022-08-20T00:16:27.052Z] <<< [apiv2][body] GET https://firebase.googleapis.com/v1beta1/operations/workflows/YzZkYzdjNTEtYzZmOS00YzkyLWEyMDgtN2IwOTE3YmIxY2E4 {"name":"operations/workflows/YzZkYzdjNTEtYzZmOS00YzkyLWEyMDgtN2IwOTE3YmIxY2E4"}
[debug] [2022-08-20T00:16:29.052Z] [Add Firebase Poller] Retrying task index 0
[debug] [2022-08-20T00:16:29.052Z] >>> [apiv2][query] GET https://firebase.googleapis.com/v1beta1/operations/workflows/YzZkYzdjNTEtYzZmOS00YzkyLWEyMDgtN2IwOTE3YmIxY2E4 [none]
[debug] [2022-08-20T00:16:29.255Z] <<< [apiv2][status] GET https://firebase.googleapis.com/v1beta1/operations/workflows/YzZkYzdjNTEtYzZmOS00YzkyLWEyMDgtN2IwOTE3YmIxY2E4 200
[debug] [2022-08-20T00:16:29.255Z] <<< [apiv2][body] GET https://firebase.googleapis.com/v1beta1/operations/workflows/YzZkYzdjNTEtYzZmOS00YzkyLWEyMDgtN2IwOTE3YmIxY2E4 {"name":"operations/workflows/YzZkYzdjNTEtYzZmOS00YzkyLWEyMDgtN2IwOTE3YmIxY2E4"}
[debug] [2022-08-20T00:16:33.256Z] [Add Firebase Poller] Retrying task index 0
[debug] [2022-08-20T00:16:33.257Z] >>> [apiv2][query] GET https://firebase.googleapis.com/v1beta1/operations/workflows/YzZkYzdjNTEtYzZmOS00YzkyLWEyMDgtN2IwOTE3YmIxY2E4 [none]
[debug] [2022-08-20T00:16:33.555Z] <<< [apiv2][status] GET https://firebase.googleapis.com/v1beta1/operations/workflows/YzZkYzdjNTEtYzZmOS00YzkyLWEyMDgtN2IwOTE3YmIxY2E4 200
[debug] [2022-08-20T00:16:33.555Z] <<< [apiv2][body] GET https://firebase.googleapis.com/v1beta1/operations/workflows/YzZkYzdjNTEtYzZmOS00YzkyLWEyMDgtN2IwOTE3YmIxY2E4 {"name":"operations/workflows/YzZkYzdjNTEtYzZmOS00YzkyLWEyMDgtN2IwOTE3YmIxY2E4"}
[debug] [2022-08-20T00:16:41.555Z] [Add Firebase Poller] Retrying task index 0
[debug] [2022-08-20T00:16:41.556Z] >>> [apiv2][query] GET https://firebase.googleapis.com/v1beta1/operations/workflows/YzZkYzdjNTEtYzZmOS00YzkyLWEyMDgtN2IwOTE3YmIxY2E4 [none]
[debug] [2022-08-20T00:16:41.951Z] <<< [apiv2][status] GET https://firebase.googleapis.com/v1beta1/operations/workflows/YzZkYzdjNTEtYzZmOS00YzkyLWEyMDgtN2IwOTE3YmIxY2E4 200
[debug] [2022-08-20T00:16:41.951Z] <<< [apiv2][body] GET https://firebase.googleapis.com/v1beta1/operations/workflows/YzZkYzdjNTEtYzZmOS00YzkyLWEyMDgtN2IwOTE3YmIxY2E4 {"name":"operations/workflows/YzZkYzdjNTEtYzZmOS00YzkyLWEyMDgtN2IwOTE3YmIxY2E4","done":true,"response":{"@type":"type.googleapis.com/google.firebase.service.v1beta1.FirebaseProject","projectId":"ar-demo-1","projectNumber":"507756574195","displayName":"ar-demo-1","name":"projects/ar-demo-1","resources":{"hostingSite":"ar-demo-1"}}}
[info] 
[info] 🎉🎉🎉 Your Firebase project is ready! 🎉🎉🎉
[info] 
[info] Project information:
[info]    - Project ID: ar-demo-1
[info]    - Project Name: ar-demo-1
[info] 
[info] Firebase console is available at
[info] https://console.firebase.google.com/project/ar-demo-1/overview
[info] i  Using project ar-demo-1 (ar-demo-1) 
[info] 
=== Hosting Setup
[info] 
[info] Your public directory is the folder (relative to your project directory) that
[info] will contain Hosting assets to be uploaded with firebase deploy. If you
[info] have a build process for your assets, use your build's output directory.
[info] 
[debug] [2022-08-20T00:18:56.297Z] >>> [apiv2][query] GET https://www.gstatic.com/firebasejs/releases.json [none]
[debug] [2022-08-20T00:18:56.469Z] <<< [apiv2][status] GET https://www.gstatic.com/firebasejs/releases.json 200
[debug] [2022-08-20T00:18:56.469Z] <<< [apiv2][body] GET https://www.gstatic.com/firebasejs/releases.json {"current":{"version":"9.9.3","browserURL":"https://www.gstatic.com/firebasejs/9.9.3/firebase.js","packageURL":"https://www.gstatic.com/firebasejs/9.9.3/firebase.tgz"},"live":{"version":"9.9","browserURL":"https://www.gstatic.com/firebasejs/live/9.9/firebase.js","packageURL":"https://www.gstatic.com/firebasejs/live/9.9/firebase.tgz"},"components":{"analytics":"https://www.gstatic.com/firebasejs/9.9.3/firebase-analytics.js","app":"https://www.gstatic.com/firebasejs/9.9.3/firebase-app.js","app-check":"https://www.gstatic.com/firebasejs/9.9.3/firebase-app-check.js","auth":"https://www.gstatic.com/firebasejs/9.9.3/firebase-auth.js","auth/cordova":"https://www.gstatic.com/firebasejs/9.9.3/firebase-auth/cordova.js","auth/react-native":"https://www.gstatic.com/firebasejs/9.9.3/firebase-auth/react-native.js","functions":"https://www.gstatic.com/firebasejs/9.9.3/firebase-functions.js","firestore":"https://www.gstatic.com/firebasejs/9.9.3/firebase-firestore.js","firestore/lite":"https://www.gstatic.com/firebasejs/9.9.3/firebase-firestore/lite.js","installations":"https://www.gstatic.com/firebasejs/9.9.3/firebase-installations.js","storage":"https://www.gstatic.com/firebasejs/9.9.3/firebase-storage.js","performance":"https://www.gstatic.com/firebasejs/9.9.3/firebase-performance.js","remote-config":"https://www.gstatic.com/firebasejs/9.9.3/firebase-remote-config.js","messaging":"https://www.gstatic.com/firebasejs/9.9.3/firebase-messaging.js","messaging/sw":"https://www.gstatic.com/firebasejs/9.9.3/firebase-messaging/sw.js","database":"https://www.gstatic.com/firebasejs/9.9.3/firebase-database.js","firestore.memory":"https://www.gstatic.com/firebasejs/9.9.3/firebase-firestore.memory.js"}}
[info] ✔  Wrote .next/index.html 
[info] 
[info] i  Detected a .git folder at /home/dextrodeath/projects/ar-demo-1 
[info] i  Authorizing with GitHub to upload your service account to a GitHub repository's secrets store. 
[info] 
[info] Visit this URL on this device to log in:
[info] https://github.com/login/oauth/authorize?client_id=89cf50f02ac6aaed3484&state=142767387&redirect_uri=http%3A%2F%2Flocalhost%3A9005&scope=read%3Auser%20repo%20public_repo
[info] 
[info] Waiting for authentication...
[debug] [2022-08-20T00:19:28.964Z] >>> [apiv2][query] POST https://github.com/login/oauth/access_token [none]
[debug] [2022-08-20T00:19:28.964Z] >>> [apiv2][body] POST https://github.com/login/oauth/access_token [stream]
[debug] [2022-08-20T00:19:29.332Z] <<< [apiv2][status] POST https://github.com/login/oauth/access_token 200
[debug] [2022-08-20T00:19:29.333Z] <<< [apiv2][body] POST https://github.com/login/oauth/access_token {"access_token":"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","token_type":"bearer","scope":"read:user,repo"}
[debug] [2022-08-20T00:19:29.338Z] >>> [apiv2][query] GET https://api.github.com/user [none]
[debug] [2022-08-20T00:19:29.832Z] <<< [apiv2][status] GET https://api.github.com/user 200
[debug] [2022-08-20T00:19:29.833Z] <<< [apiv2][body] GET https://api.github.com/user {"login":"johnsephr","id":20826757,"node_id":"MDQ6VXNlcjIwODI2NzU3","avatar_url":"https://avatars.githubusercontent.com/u/20826757?v=4","gravatar_id":"","url":"https://api.github.com/users/johnsephr","html_url":"https://github.com/johnsephr","followers_url":"https://api.github.com/users/johnsephr/followers","following_url":"https://api.github.com/users/johnsephr/following{/other_user}","gists_url":"https://api.github.com/users/johnsephr/gists{/gist_id}","starred_url":"https://api.github.com/users/johnsephr/starred{/owner}{/repo}","subscriptions_url":"https://api.github.com/users/johnsephr/subscriptions","organizations_url":"https://api.github.com/users/johnsephr/orgs","repos_url":"https://api.github.com/users/johnsephr/repos","events_url":"https://api.github.com/users/johnsephr/events{/privacy}","received_events_url":"https://api.github.com/users/johnsephr/received_events","type":"User","site_admin":false,"name":"John Ramsey","company":null,"blog":"https://johnsephr.me/#/","location":"Austin, TX","email":null,"hireable":null,"bio":null,"twitter_username":null,"public_repos":26,"public_gists":1,"followers":3,"following":3,"created_at":"2016-08-03T23:23:49Z","updated_at":"2022-08-11T21:15:06Z","private_gists":0,"total_private_repos":3,"owned_private_repos":3,"disk_usage":662112,"collaborators":0,"two_factor_authentication":true,"plan":{"name":"free","space":976562499,"collaborators":0,"private_repos":10000}}
[info] 
[info] ✔  Success! Logged into GitHub as johnsephr 
[info] 
